2024-09-05 04:41:22 - src.main - INFO - Starting service...
2024-09-05 04:41:27 - src.notifications.service - ERROR - FAIL: SMS notification: phone = 'None' for user 1
2024-09-05 04:41:27 - src.notifications.service - INFO - SENT: SMS notification: {'user_id': 7, 'user_name': 'Frank', 'contact_attr': 'phone', 'contact_attr_value': '6543210987', 'notification_message': 'string'}
2024-09-05 04:41:27 - src.notifications.service - ERROR - FAIL: SMS notification: phone = 'None' for user 14
2024-09-05 04:41:27 - src.notifications.service - ERROR - FAIL: Email notification: email = 'None' for user 7
2024-09-05 04:41:27 - src.notifications.service - INFO - SENT: Email notification: {'user_id': 5, 'user_name': 'David', 'contact_attr': 'email', 'contact_attr_value': 'david@example.com', 'notification_message': 'string'}
2024-09-05 04:41:27 - src.notifications.service - INFO - SENT: Push notification: {'user_id': 12, 'user_name': 'Kara', 'contact_attr': 'email', 'contact_attr_value': 'kara@example.com', 'notification_message': 'string'}
2024-09-05 04:41:27 - src.notifications.service - INFO - SENT: Push notification: {'user_id': 9, 'user_name': 'Hank', 'contact_attr': 'email', 'contact_attr_value': 'hank@example.com', 'notification_message': 'string'}
2024-09-05 04:41:27 - src.notifications.service - INFO - SENT: Push notification: {'user_id': 5, 'user_name': 'David', 'contact_attr': 'email', 'contact_attr_value': 'david@example.com', 'notification_message': 'string'}
2024-09-05 04:41:27 - src.database - INFO - Database session closed.
2024-09-05 04:41:59 - src.notifications.service - INFO - SENT: SMS notification: {'user_id': 4, 'user_name': 'Clare', 'contact_attr': 'phone', 'contact_attr_value': '123456896', 'notification_message': 'string'}
2024-09-05 04:41:59 - src.notifications.service - INFO - SENT: SMS notification: {'user_id': 11, 'user_name': 'Jack', 'contact_attr': 'phone', 'contact_attr_value': '9870123456', 'notification_message': 'string'}
2024-09-05 04:41:59 - src.notifications.service - INFO - SENT: SMS notification: {'user_id': 7, 'user_name': 'Frank', 'contact_attr': 'phone', 'contact_attr_value': '6543210987', 'notification_message': 'string'}
2024-09-05 04:41:59 - src.notifications.service - ERROR - FAIL: SMS notification: phone = 'None' for user 14
2024-09-05 04:41:59 - src.notifications.service - INFO - SENT: Email notification: {'user_id': 11, 'user_name': 'Jack', 'contact_attr': 'email', 'contact_attr_value': 'jack@example.com', 'notification_message': 'string'}
2024-09-05 04:41:59 - src.notifications.service - INFO - SENT: Email notification: {'user_id': 13, 'user_name': 'Leo', 'contact_attr': 'email', 'contact_attr_value': 'leo@example.com', 'notification_message': 'string'}
2024-09-05 04:41:59 - src.notifications.service - ERROR - FAIL: Email notification: email = 'None' for user 7
2024-09-05 04:41:59 - src.notifications.service - INFO - SENT: Email notification: {'user_id': 3, 'user_name': 'Charlie', 'contact_attr': 'email', 'contact_attr_value': 'charlie@example.com', 'notification_message': 'string'}
2024-09-05 04:41:59 - src.notifications.service - ERROR - FAIL: Email notification: email = 'None' for user 2
2024-09-05 04:41:59 - src.notifications.service - INFO - SENT: Email notification: {'user_id': 8, 'user_name': 'Grace', 'contact_attr': 'email', 'contact_attr_value': 'grace@example.com', 'notification_message': 'string'}
2024-09-05 04:41:59 - src.notifications.service - ERROR - FAIL: Push notification: email = 'None' for user 2
2024-09-05 04:41:59 - src.database - INFO - Database session closed.
2024-09-05 04:46:47 - src.main - INFO - Starting service...
2024-09-05 04:47:43 - src.notifications.router - INFO - Notification request for message'Check the films we have for you!' received...
2024-09-05 04:47:43 - src.notifications.service - INFO - SENT: SMS notification: {'user_id': 4, 'user_name': 'Clare', 'contact_attr': 'phone', 'contact_attr_value': '123456896', 'notification_message': 'Check the films we have for you!'}
2024-09-05 04:47:43 - src.notifications.service - INFO - SENT: SMS notification: {'user_id': 11, 'user_name': 'Jack', 'contact_attr': 'phone', 'contact_attr_value': '9870123456', 'notification_message': 'Check the films we have for you!'}
2024-09-05 04:47:43 - src.notifications.service - INFO - SENT: SMS notification: {'user_id': 7, 'user_name': 'Frank', 'contact_attr': 'phone', 'contact_attr_value': '6543210987', 'notification_message': 'Check the films we have for you!'}
2024-09-05 04:47:43 - src.notifications.service - ERROR - FAIL: SMS notification: phone = 'None' for user 14
2024-09-05 04:47:43 - src.notifications.service - INFO - SENT: Email notification: {'user_id': 11, 'user_name': 'Jack', 'contact_attr': 'email', 'contact_attr_value': 'jack@example.com', 'notification_message': 'Check the films we have for you!'}
2024-09-05 04:47:43 - src.notifications.service - INFO - SENT: Email notification: {'user_id': 13, 'user_name': 'Leo', 'contact_attr': 'email', 'contact_attr_value': 'leo@example.com', 'notification_message': 'Check the films we have for you!'}
2024-09-05 04:47:43 - src.notifications.service - ERROR - FAIL: Email notification: email = 'None' for user 7
2024-09-05 04:47:43 - src.notifications.service - INFO - SENT: Email notification: {'user_id': 3, 'user_name': 'Charlie', 'contact_attr': 'email', 'contact_attr_value': 'charlie@example.com', 'notification_message': 'Check the films we have for you!'}
2024-09-05 04:47:43 - src.notifications.service - ERROR - FAIL: Email notification: email = 'None' for user 2
2024-09-05 04:47:43 - src.notifications.service - INFO - SENT: Email notification: {'user_id': 8, 'user_name': 'Grace', 'contact_attr': 'email', 'contact_attr_value': 'grace@example.com', 'notification_message': 'Check the films we have for you!'}
2024-09-05 04:47:43 - src.notifications.service - ERROR - FAIL: Push notification: email = 'None' for user 2
2024-09-05 04:47:43 - src.database - INFO - Database session closed.
2024-09-05 05:15:14 - src.main - INFO - Starting service...
2024-09-05 05:15:25 - src.database - INFO - Database session closed.
2024-09-11 16:30:45 - src.main - INFO - Starting service...
2024-09-11 16:33:11 - src.main - INFO - Starting service...
2024-09-11 16:33:37 - src.database - INFO - Database session closed.
2024-09-11 16:33:55 - src.database - INFO - Database session closed.
2024-09-11 16:34:05 - src.database - INFO - Database session closed.
2024-09-11 16:34:21 - src.notifications.router - INFO - Notification request for message 'this is a message new' received...
2024-09-11 16:34:21 - src.database - ERROR - Session rollback due to exception: handle_notification_list() missing 1 required positional argument: 'users_notification_list'
2024-09-11 16:34:21 - src.database - INFO - Database session closed.
2024-09-11 16:40:47 - src.main - INFO - Starting service...
2024-09-11 16:41:17 - src.notifications.router - INFO - Notification request for message 'this is a message new' received...
2024-09-11 16:41:17 - src.database - ERROR - Session rollback due to exception: Object of type ABCMeta is not JSON serializable
2024-09-11 16:41:17 - src.database - INFO - Database session closed.
2024-09-11 16:46:04 - src.main - INFO - Starting service...
2024-09-11 16:46:42 - src.notifications.router - INFO - Notification request for message 'this is a message new' received...
2024-09-11 16:46:42 - src.database - ERROR - Session rollback due to exception: Object of type SMSNotification is not JSON serializable
2024-09-11 16:46:42 - src.database - INFO - Database session closed.
2024-09-11 16:49:45 - src.main - INFO - Starting service...
2024-09-11 16:49:51 - src.notifications.router - INFO - Notification request for message 'this is a message new' received...
2024-09-11 16:49:52 - src.database - ERROR - Session rollback due to exception: Object of type SMSNotification is not JSON serializable
2024-09-11 16:49:52 - src.database - INFO - Database session closed.
2024-09-11 17:09:19 - src.main - INFO - Starting service...
2024-09-11 17:09:19 - src.notifications.router - INFO - Notification request for message 'this is a message new' received...
2024-09-11 17:09:20 - src.database - ERROR - Session rollback due to exception: Object of type SMSNotification is not JSON serializable
2024-09-11 17:09:20 - src.database - INFO - Database session closed.
2024-09-11 17:13:59 - src.main - INFO - Starting service...
2024-09-11 17:14:05 - src.notifications.router - INFO - Notification request for message 'this is a message new' received...
2024-09-11 17:14:05 - src.database - ERROR - Session rollback due to exception: 'int' object has no attribute 'message'
2024-09-11 17:14:05 - src.database - INFO - Database session closed.
2024-09-11 17:15:58 - src.main - INFO - Starting service...
2024-09-11 17:16:35 - src.notifications.router - INFO - Notification request for message 'this is a message new' received...
2024-09-11 17:16:35 - src.database - ERROR - Session rollback due to exception: Object of type UserCategory is not JSON serializable
2024-09-11 17:16:35 - src.database - INFO - Database session closed.
2024-09-11 19:07:51 - src.main - INFO - Starting service...
2024-09-11 19:07:55 - src.notifications.router - INFO - Notification request for message 'this is a message new' received...
2024-09-11 19:07:55 - src.database - ERROR - Session rollback due to exception: 'sync_handle_notification_list' object has no attribute 'deayl'
2024-09-11 19:07:55 - src.database - INFO - Database session closed.
2024-09-11 19:08:24 - src.main - INFO - Starting service...
2024-09-11 19:08:24 - src.notifications.router - INFO - Notification request for message 'this is a message new' received...
2024-09-11 19:08:24 - src.database - ERROR - Session rollback due to exception: Object of type UserCategory is not JSON serializable
2024-09-11 19:08:24 - src.database - INFO - Database session closed.
2024-09-11 19:20:36 - src.main - INFO - Starting service...
2024-09-11 19:20:41 - src.notifications.router - INFO - Notification request for message 'this is a message new' received...
2024-09-11 19:20:41 - src.database - ERROR - Session rollback due to exception: 'NotificationBase' object is not subscriptable
2024-09-11 19:20:41 - src.database - INFO - Database session closed.
2024-09-11 19:21:15 - src.main - INFO - Starting service...
2024-09-11 19:21:17 - src.notifications.router - INFO - Notification request for message 'this is a message new' received...
2024-09-11 19:21:17 - src.database - ERROR - Session rollback due to exception: Object of type UserCategory is not JSON serializable
2024-09-11 19:21:17 - src.database - INFO - Database session closed.
2024-09-11 19:22:45 - src.notifications.router - INFO - Notification request for message 'messageee' received...
2024-09-11 19:22:45 - src.database - ERROR - Session rollback due to exception: Object of type UserCategory is not JSON serializable
2024-09-11 19:22:45 - src.database - INFO - Database session closed.
2024-09-11 19:23:00 - src.main - INFO - Starting service...
2024-09-11 19:23:01 - src.notifications.router - INFO - Notification request for message 'messageee' received...
2024-09-11 19:23:01 - src.database - ERROR - Session rollback due to exception: Object of type UserCategory is not JSON serializable
2024-09-11 19:23:01 - src.database - INFO - Database session closed.
2024-09-11 19:29:09 - src.main - INFO - Starting service...
2024-09-11 19:29:11 - src.notifications.router - INFO - Notification request for message 'messageee' received...
2024-09-11 19:29:11 - src.database - ERROR - Session rollback due to exception: Object of type UserCategory is not JSON serializable
2024-09-11 19:29:11 - src.database - INFO - Database session closed.
2024-09-11 19:30:58 - src.main - INFO - Starting service...
2024-09-11 19:30:59 - src.notifications.router - INFO - Notification request for message 'messageee' received...
2024-09-11 19:30:59 - src.database - ERROR - Session rollback due to exception: Object of type UserCategory is not JSON serializable
2024-09-11 19:30:59 - src.database - INFO - Database session closed.
2024-09-11 19:32:25 - src.main - INFO - Starting service...
2024-09-11 19:32:26 - src.notifications.router - INFO - Notification request for message 'messageee' received...
2024-09-11 19:32:26 - src.database - ERROR - Session rollback due to exception: object generator can't be used in 'await' expression
2024-09-11 19:32:26 - src.database - INFO - Database session closed.
2024-09-11 19:35:38 - src.main - INFO - Starting service...
2024-09-11 19:35:40 - src.notifications.router - INFO - Notification request for message 'messageee' received...
2024-09-11 19:35:40 - src.database - ERROR - Session rollback due to exception: Object of type UserCategory is not JSON serializable
2024-09-11 19:35:40 - src.database - INFO - Database session closed.
2024-09-12 14:02:48 - src.main - INFO - Starting service...
2024-09-12 14:07:04 - src.main - INFO - Starting service...
2024-09-12 14:09:55 - src.main - INFO - Starting service...
2024-09-12 14:10:40 - src.notifications.router - INFO - Notification request for message 'message' received...
2024-09-12 14:10:40 - src.database - ERROR - Session rollback due to exception: Object of type UserCategory is not JSON serializable
2024-09-12 14:10:40 - src.database - INFO - Database session closed.
2024-09-12 14:13:49 - src.main - INFO - Starting service...
2024-09-12 14:14:10 - src.notifications.router - INFO - Notification request for message 'message' received...
2024-09-12 14:14:10 - src.database - ERROR - Session rollback due to exception: You must set the config attribute `from_attributes=True` to use from_orm
2024-09-12 14:14:10 - src.database - INFO - Database session closed.
2024-09-15 20:40:18 - src.main - INFO - Starting service...
2024-09-15 20:50:28 - src.notifications.router - INFO - Notification request for message 'MEssageeee' received...
2024-09-15 20:50:28 - src.database - ERROR - Session rollback due to exception: You must set the config attribute `from_attributes=True` to use from_orm
2024-09-15 20:50:28 - src.database - INFO - Database session closed.
2024-09-15 20:53:11 - src.main - INFO - Starting service...
2024-09-15 20:53:26 - src.notifications.router - INFO - Notification request for message 'messageee' received...
2024-09-15 20:53:26 - src.database - ERROR - Session rollback due to exception: 1 validation error for UserCategory
  Input should be a valid dictionary or object to extract fields from [type=model_attributes_type, input_value=(<src.categories.models.U...ject at 0x7cc85cfbcaf0>), input_type=tuple]
    For further information visit https://errors.pydantic.dev/2.8/v/model_attributes_type
2024-09-15 20:53:26 - src.database - INFO - Database session closed.
2024-09-15 21:08:45 - src.main - INFO - Starting service...
2024-09-15 21:09:03 - src.notifications.router - INFO - Notification request for message 'test' received...
2024-09-15 21:09:03 - src.notifications.service - ERROR - FAIL: SMS notification: phone = 'None' for user 1
2024-09-15 21:09:03 - src.notifications.service - ERROR - An error has ocurred when trying to send the SMS notification to user 7
2024-09-15 21:09:03 - src.notifications.service - ERROR - FAIL: SMS notification: phone = 'None' for user 14
2024-09-15 21:09:03 - src.notifications.service - ERROR - FAIL: Email notification: email = 'None' for user 7
2024-09-15 21:09:03 - src.notifications.service - ERROR - An error has ocurred when trying to send the Email notification to user 5
2024-09-15 21:09:03 - src.notifications.service - ERROR - An error has ocurred when trying to send the Email notification to user 12
2024-09-15 21:09:03 - src.notifications.service - ERROR - An error has ocurred when trying to send the Email notification to user 9
2024-09-15 21:09:03 - src.notifications.service - ERROR - An error has ocurred when trying to send the Email notification to user 5
2024-09-15 21:09:03 - src.database - INFO - Database session closed.
2024-09-15 21:11:20 - src.main - INFO - Starting service...
2024-09-15 21:11:26 - src.notifications.router - INFO - Notification request for message 'test' received...
2024-09-15 21:11:26 - src.notifications.service - ERROR - FAIL: SMS notification: phone = 'None' for user 1
2024-09-15 21:11:26 - src.notifications.service - ERROR - An error has ocurred when trying to send the SMS notification to user 7
2024-09-15 21:11:26 - src.notifications.service - ERROR - FAIL: SMS notification: phone = 'None' for user 14
2024-09-15 21:11:26 - src.notifications.service - ERROR - FAIL: Email notification: email = 'None' for user 7
2024-09-15 21:11:26 - src.notifications.service - ERROR - An error has ocurred when trying to send the Email notification to user 5
2024-09-15 21:11:26 - src.notifications.service - ERROR - An error has ocurred when trying to send the Email notification to user 12
2024-09-15 21:11:26 - src.notifications.service - ERROR - An error has ocurred when trying to send the Email notification to user 9
2024-09-15 21:11:26 - src.notifications.service - ERROR - An error has ocurred when trying to send the Email notification to user 5
2024-09-15 21:11:26 - src.database - INFO - Database session closed.
2024-09-15 21:11:47 - src.notifications.router - INFO - Notification request for message 'test' received...
2024-09-15 21:11:47 - src.notifications.service - ERROR - An error has ocurred when trying to send the SMS notification to user 4
2024-09-15 21:11:47 - src.notifications.service - ERROR - An error has ocurred when trying to send the SMS notification to user 11
2024-09-15 21:11:47 - src.notifications.service - ERROR - An error has ocurred when trying to send the SMS notification to user 7
2024-09-15 21:11:47 - src.notifications.service - ERROR - FAIL: SMS notification: phone = 'None' for user 14
2024-09-15 21:11:47 - src.notifications.service - ERROR - An error has ocurred when trying to send the Email notification to user 11
2024-09-15 21:11:47 - src.notifications.service - ERROR - An error has ocurred when trying to send the Email notification to user 13
2024-09-15 21:11:47 - src.notifications.service - ERROR - FAIL: Email notification: email = 'None' for user 7
2024-09-15 21:11:47 - src.notifications.service - ERROR - An error has ocurred when trying to send the Email notification to user 3
2024-09-15 21:11:47 - src.notifications.service - ERROR - FAIL: Email notification: email = 'None' for user 2
2024-09-15 21:11:47 - src.notifications.service - ERROR - An error has ocurred when trying to send the Email notification to user 8
2024-09-15 21:11:47 - src.notifications.service - ERROR - FAIL: Push notification: email = 'None' for user 2
2024-09-15 21:11:47 - src.database - INFO - Database session closed.
2024-09-15 21:11:59 - src.notifications.router - INFO - Notification request for message 'test' received...
2024-09-15 21:11:59 - src.database - ERROR - Session rollback due to exception: 404: Users to notify not found, ensure the category id 4 is correct
2024-09-15 21:11:59 - src.database - INFO - Database session closed.
2024-09-15 21:12:11 - src.notifications.router - INFO - Notification request for message 'test' received...
2024-09-15 21:12:11 - src.notifications.service - ERROR - FAIL: SMS notification: phone = 'None' for user 1
2024-09-15 21:12:11 - src.notifications.service - ERROR - An error has ocurred when trying to send the SMS notification to user 10
2024-09-15 21:12:11 - src.notifications.service - ERROR - FAIL: SMS notification: phone = 'None' for user 6
2024-09-15 21:12:11 - src.notifications.service - ERROR - An error has ocurred when trying to send the Email notification to user 13
2024-09-15 21:12:11 - src.notifications.service - ERROR - An error has ocurred when trying to send the Email notification to user 15
2024-09-15 21:12:11 - src.notifications.service - ERROR - An error has ocurred when trying to send the Email notification to user 8
2024-09-15 21:12:11 - src.notifications.service - ERROR - An error has ocurred when trying to send the Email notification to user 15
2024-09-15 21:12:11 - src.notifications.service - ERROR - FAIL: Push notification: email = 'None' for user 10
2024-09-15 21:12:11 - src.notifications.service - ERROR - An error has ocurred when trying to send the Email notification to user 12
2024-09-15 21:12:11 - src.database - INFO - Database session closed.
2024-09-15 21:12:53 - src.main - INFO - Starting service...
2024-09-15 21:12:58 - src.notifications.router - INFO - Notification request for message 'test' received...
2024-09-15 21:12:58 - src.notifications.service - ERROR - FAIL: SMS notification: phone = 'None' for user 1
2024-09-15 21:12:58 - src.notifications.service - ERROR - An error has ocurred when trying to send the SMS notification to user 10
2024-09-15 21:12:58 - src.notifications.service - ERROR - FAIL: SMS notification: phone = 'None' for user 6
2024-09-15 21:12:58 - src.notifications.service - ERROR - An error has ocurred when trying to send the Email notification to user 13
2024-09-15 21:12:58 - src.notifications.service - ERROR - An error has ocurred when trying to send the Email notification to user 15
2024-09-15 21:12:58 - src.notifications.service - ERROR - An error has ocurred when trying to send the Email notification to user 8
2024-09-15 21:12:58 - src.notifications.service - ERROR - An error has ocurred when trying to send the Email notification to user 15
2024-09-15 21:12:58 - src.notifications.service - ERROR - FAIL: Push notification: email = 'None' for user 10
2024-09-15 21:12:58 - src.notifications.service - ERROR - An error has ocurred when trying to send the Email notification to user 12
2024-09-15 21:12:58 - src.database - INFO - Database session closed.
2024-09-16 02:08:28 - src.main - INFO - Starting service...
2024-09-16 02:13:02 - src.main - INFO - Starting service...
2024-09-16 02:13:45 - src.notifications.router - INFO - Notification request for message 'message' received...
2024-09-16 02:13:45 - src.notifications.service - ERROR - FAIL: SMS notification: phone = 'None' for user 1
2024-09-16 02:13:45 - src.notifications.service - ERROR - An error has ocurred when trying to send the SMS notification to user 10
2024-09-16 02:13:45 - src.notifications.service - ERROR - FAIL: SMS notification: phone = 'None' for user 6
2024-09-16 02:13:45 - src.notifications.service - ERROR - An error has ocurred when trying to send the Email notification to user 13
2024-09-16 02:13:45 - src.notifications.service - ERROR - An error has ocurred when trying to send the Email notification to user 15
2024-09-16 02:13:45 - src.notifications.service - ERROR - An error has ocurred when trying to send the Email notification to user 8
2024-09-16 02:13:45 - src.notifications.service - ERROR - An error has ocurred when trying to send the Email notification to user 15
2024-09-16 02:13:45 - src.notifications.service - ERROR - FAIL: Push notification: email = 'None' for user 10
2024-09-16 02:13:45 - src.notifications.service - ERROR - An error has ocurred when trying to send the Email notification to user 12
2024-09-16 02:13:45 - src.database - INFO - Database session closed.
2024-09-16 02:22:34 - src.main - INFO - Starting service...
2024-09-16 02:22:47 - src.notifications.router - INFO - Notification request for message 'message' received...
2024-09-16 02:22:47 - src.notifications.service - ERROR - FAIL: SMS notification: phone = 'None' for user 1
2024-09-16 02:22:47 - src.notifications.service - ERROR - An error has ocurred when trying to send the SMS notification to user 10
2024-09-16 02:22:47 - src.notifications.service - ERROR - FAIL: SMS notification: phone = 'None' for user 6
2024-09-16 02:22:47 - src.notifications.service - ERROR - An error has ocurred when trying to send the Email notification to user 13
2024-09-16 02:22:47 - src.notifications.service - ERROR - An error has ocurred when trying to send the Email notification to user 15
2024-09-16 02:22:47 - src.notifications.service - ERROR - An error has ocurred when trying to send the Email notification to user 8
2024-09-16 02:22:47 - src.notifications.service - ERROR - An error has ocurred when trying to send the Email notification to user 15
2024-09-16 02:22:47 - src.notifications.service - ERROR - FAIL: Push notification: email = 'None' for user 10
2024-09-16 02:22:47 - src.notifications.service - ERROR - An error has ocurred when trying to send the Email notification to user 12
2024-09-16 02:22:47 - src.database - INFO - Database session closed.
2024-09-16 02:23:31 - src.main - INFO - Starting service...
2024-09-16 02:23:35 - src.notifications.router - INFO - Notification request for message 'message' received...
2024-09-16 02:23:35 - src.notifications.service - ERROR - FAIL: SMS notification: phone = 'None' for user 1
2024-09-16 02:23:35 - src.notifications.service - ERROR - An error has ocurred when trying to send the SMS notification to user 10
2024-09-16 02:23:35 - src.notifications.service - ERROR - FAIL: SMS notification: phone = 'None' for user 6
2024-09-16 02:23:35 - src.notifications.service - ERROR - An error has ocurred when trying to send the Email notification to user 13
2024-09-16 02:23:35 - src.notifications.service - ERROR - An error has ocurred when trying to send the Email notification to user 15
2024-09-16 02:23:35 - src.notifications.service - ERROR - An error has ocurred when trying to send the Email notification to user 8
2024-09-16 02:23:35 - src.notifications.service - ERROR - An error has ocurred when trying to send the Email notification to user 15
2024-09-16 02:23:35 - src.notifications.service - ERROR - FAIL: Push notification: email = 'None' for user 10
2024-09-16 02:23:35 - src.notifications.service - ERROR - An error has ocurred when trying to send the Email notification to user 12
2024-09-16 02:23:35 - src.database - INFO - Database session closed.
2024-09-16 02:24:51 - src.main - INFO - Starting service...
2024-09-16 02:24:56 - src.notifications.router - INFO - Notification request for message 'message' received...
2024-09-16 02:24:56 - src.notifications.service - ERROR - FAIL: SMS notification: phone = 'None' for user 1
2024-09-16 02:24:56 - src.notifications.service - ERROR - An error has ocurred when trying to send the SMS notification to user 10
2024-09-16 02:24:56 - src.notifications.service - ERROR - FAIL: SMS notification: phone = 'None' for user 6
2024-09-16 02:24:56 - src.notifications.service - ERROR - An error has ocurred when trying to send the Email notification to user 13
2024-09-16 02:24:56 - src.notifications.service - ERROR - An error has ocurred when trying to send the Email notification to user 15
2024-09-16 02:24:56 - src.notifications.service - ERROR - An error has ocurred when trying to send the Email notification to user 8
2024-09-16 02:24:56 - src.notifications.service - ERROR - An error has ocurred when trying to send the Email notification to user 15
2024-09-16 02:24:56 - src.notifications.service - ERROR - FAIL: Push notification: email = 'None' for user 10
2024-09-16 02:24:56 - src.notifications.service - ERROR - An error has ocurred when trying to send the Email notification to user 12
2024-09-16 02:24:56 - src.database - INFO - Database session closed.
2024-09-16 02:26:36 - src.main - INFO - Starting service...
2024-09-16 02:26:42 - src.notifications.router - INFO - Notification request for message 'message' received...
2024-09-16 02:26:42 - src.notifications.service - ERROR - FAIL: SMS notification: phone = 'None' for user 1
2024-09-16 02:26:42 - src.notifications.service - ERROR - An error has ocurred when trying to send the SMS notification to user 10
2024-09-16 02:26:42 - src.notifications.service - ERROR - FAIL: SMS notification: phone = 'None' for user 6
2024-09-16 02:26:42 - src.notifications.service - ERROR - An error has ocurred when trying to send the Email notification to user 13
2024-09-16 02:26:42 - src.notifications.service - ERROR - An error has ocurred when trying to send the Email notification to user 15
2024-09-16 02:26:42 - src.notifications.service - ERROR - An error has ocurred when trying to send the Email notification to user 8
2024-09-16 02:26:42 - src.notifications.service - ERROR - An error has ocurred when trying to send the Email notification to user 15
2024-09-16 02:26:42 - src.notifications.service - ERROR - FAIL: Push notification: email = 'None' for user 10
2024-09-16 02:26:42 - src.notifications.service - ERROR - An error has ocurred when trying to send the Email notification to user 12
2024-09-16 02:26:42 - src.database - INFO - Database session closed.
2024-09-16 02:27:22 - src.main - INFO - Starting service...
2024-09-16 02:27:25 - src.notifications.router - INFO - Notification request for message 'message' received...
2024-09-16 02:27:25 - src.notifications.service - ERROR - FAIL: SMS notification: phone = 'None' for user 1
2024-09-16 02:27:25 - src.notifications.service - ERROR - An error has ocurred when trying to send the SMS notification to user 10
2024-09-16 02:27:25 - src.notifications.service - ERROR - FAIL: SMS notification: phone = 'None' for user 6
2024-09-16 02:27:25 - src.notifications.service - ERROR - An error has ocurred when trying to send the Email notification to user 13
2024-09-16 02:27:25 - src.notifications.service - ERROR - An error has ocurred when trying to send the Email notification to user 15
2024-09-16 02:27:25 - src.notifications.service - ERROR - An error has ocurred when trying to send the Email notification to user 8
2024-09-16 02:27:25 - src.notifications.service - ERROR - An error has ocurred when trying to send the Email notification to user 15
2024-09-16 02:27:25 - src.notifications.service - ERROR - FAIL: Push notification: email = 'None' for user 10
2024-09-16 02:27:25 - src.notifications.service - ERROR - An error has ocurred when trying to send the Email notification to user 12
2024-09-16 02:27:25 - src.database - INFO - Database session closed.
2024-09-16 02:27:47 - src.main - INFO - Starting service...
2024-09-16 02:27:49 - src.notifications.router - INFO - Notification request for message 'message' received...
2024-09-16 02:27:49 - src.notifications.service - ERROR - FAIL: SMS notification: phone = 'None' for user 1
2024-09-16 02:27:49 - src.notifications.service - ERROR - An error has ocurred when trying to send the SMS notification to user 10
2024-09-16 02:27:49 - src.notifications.service - ERROR - FAIL: SMS notification: phone = 'None' for user 6
2024-09-16 02:27:49 - src.notifications.service - ERROR - An error has ocurred when trying to send the Email notification to user 13
2024-09-16 02:27:49 - src.notifications.service - ERROR - An error has ocurred when trying to send the Email notification to user 15
2024-09-16 02:27:49 - src.notifications.service - ERROR - An error has ocurred when trying to send the Email notification to user 8
2024-09-16 02:27:49 - src.notifications.service - ERROR - An error has ocurred when trying to send the Email notification to user 15
2024-09-16 02:27:49 - src.notifications.service - ERROR - FAIL: Push notification: email = 'None' for user 10
2024-09-16 02:27:49 - src.notifications.service - ERROR - An error has ocurred when trying to send the Email notification to user 12
2024-09-16 02:27:49 - src.database - INFO - Database session closed.
2024-09-16 02:27:57 - src.main - INFO - Starting service...
2024-09-16 02:28:00 - src.notifications.router - INFO - Notification request for message 'message' received...
2024-09-16 02:28:00 - src.notifications.service - ERROR - FAIL: SMS notification: phone = 'None' for user 1
2024-09-16 02:28:00 - src.notifications.service - ERROR - An error has ocurred when trying to send the SMS notification to user 10
2024-09-16 02:28:00 - src.notifications.service - ERROR - FAIL: SMS notification: phone = 'None' for user 6
2024-09-16 02:28:00 - src.notifications.service - ERROR - An error has ocurred when trying to send the Email notification to user 13
2024-09-16 02:28:00 - src.notifications.service - ERROR - An error has ocurred when trying to send the Email notification to user 15
2024-09-16 02:28:00 - src.notifications.service - ERROR - An error has ocurred when trying to send the Email notification to user 8
2024-09-16 02:28:00 - src.notifications.service - ERROR - An error has ocurred when trying to send the Email notification to user 15
2024-09-16 02:28:00 - src.notifications.service - ERROR - FAIL: Push notification: email = 'None' for user 10
2024-09-16 02:28:00 - src.notifications.service - ERROR - An error has ocurred when trying to send the Email notification to user 12
2024-09-16 02:28:00 - src.database - INFO - Database session closed.
2024-09-16 02:31:23 - src.main - INFO - Starting service...
2024-09-16 02:31:54 - src.main - INFO - Starting service...
2024-09-16 02:31:57 - src.notifications.router - INFO - Notification request for message 'message' received...
2024-09-16 02:31:57 - src.notifications.service - ERROR - FAIL: SMS notification: phone = 'None' for user 1
2024-09-16 02:31:57 - src.notifications.service - ERROR - An error has ocurred when trying to send the SMS notification to user 10
2024-09-16 02:31:57 - src.notifications.service - ERROR - FAIL: SMS notification: phone = 'None' for user 6
2024-09-16 02:31:57 - src.notifications.service - ERROR - An error has ocurred when trying to send the Email notification to user 13
2024-09-16 02:31:57 - src.notifications.service - ERROR - An error has ocurred when trying to send the Email notification to user 15
2024-09-16 02:31:57 - src.notifications.service - ERROR - An error has ocurred when trying to send the Email notification to user 8
2024-09-16 02:31:57 - src.notifications.service - ERROR - An error has ocurred when trying to send the Email notification to user 15
2024-09-16 02:31:57 - src.notifications.service - ERROR - FAIL: Push notification: email = 'None' for user 10
2024-09-16 02:31:57 - src.notifications.service - ERROR - An error has ocurred when trying to send the Email notification to user 12
2024-09-16 02:31:57 - src.database - INFO - Database session closed.
2024-09-16 02:46:50 - src.main - INFO - Starting service...
2024-09-16 02:46:59 - src.notifications.router - INFO - Notification request for message 'message' received...
2024-09-16 02:46:59 - src.notifications.service - ERROR - FAIL: SMS notification: phone = 'None' for user 1
2024-09-16 02:47:05 - src.notifications.service - ERROR - An error has ocurred when trying to send the SMS notification to user 10
2024-09-16 02:47:05 - src.notifications.service - ERROR - FAIL: SMS notification: phone = 'None' for user 6
2024-09-16 02:47:05 - src.notifications.service - ERROR - An error has ocurred when trying to send the Email notification to user 13
2024-09-16 02:47:05 - src.notifications.service - ERROR - An error has ocurred when trying to send the Email notification to user 15
2024-09-16 02:47:05 - src.notifications.service - ERROR - An error has ocurred when trying to send the Email notification to user 8
2024-09-16 02:47:05 - src.notifications.service - ERROR - An error has ocurred when trying to send the Email notification to user 15
2024-09-16 02:47:05 - src.notifications.service - ERROR - FAIL: Push notification: email = 'None' for user 10
2024-09-16 02:47:05 - src.notifications.service - ERROR - An error has ocurred when trying to send the Email notification to user 12
2024-09-16 02:47:05 - src.database - INFO - Database session closed.
2024-09-16 02:50:33 - src.main - INFO - Starting service...
2024-09-16 02:50:41 - src.main - INFO - Starting service...
2024-09-16 02:51:16 - src.main - INFO - Starting service...
2024-09-16 02:54:36 - src.main - INFO - Starting service...
2024-09-16 02:54:39 - src.notifications.router - INFO - Notification request for message 'message' received...
2024-09-16 02:54:39 - src.notifications.service - ERROR - FAIL: SMS notification: phone = 'None' for user 1
2024-09-16 02:54:39 - src.notifications.service - ERROR - An error has ocurred when trying to send the SMS notification to user 10
2024-09-16 02:54:39 - src.notifications.service - ERROR - FAIL: SMS notification: phone = 'None' for user 6
2024-09-16 02:54:39 - src.notifications.service - ERROR - An error has ocurred when trying to send the Email notification to user 13
2024-09-16 02:54:39 - src.notifications.service - ERROR - An error has ocurred when trying to send the Email notification to user 15
2024-09-16 02:54:39 - src.notifications.service - ERROR - An error has ocurred when trying to send the Email notification to user 8
2024-09-16 02:54:39 - src.notifications.service - ERROR - An error has ocurred when trying to send the Email notification to user 15
2024-09-16 02:54:39 - src.notifications.service - ERROR - FAIL: Push notification: email = 'None' for user 10
2024-09-16 02:54:39 - src.notifications.service - ERROR - An error has ocurred when trying to send the Email notification to user 12
2024-09-16 02:54:39 - src.database - INFO - Database session closed.
2024-09-16 02:55:06 - src.main - INFO - Starting service...
2024-09-16 02:55:07 - src.notifications.router - INFO - Notification request for message 'message' received...
2024-09-16 02:55:07 - src.notifications.service - ERROR - FAIL: SMS notification: phone = 'None' for user 1
2024-09-16 02:55:07 - src.notifications.service - ERROR - An error has ocurred when trying to send the SMS notification to user 10
2024-09-16 02:55:07 - src.notifications.service - ERROR - FAIL: SMS notification: phone = 'None' for user 6
2024-09-16 02:55:07 - src.notifications.service - ERROR - An error has ocurred when trying to send the Email notification to user 13
2024-09-16 02:55:07 - src.notifications.service - ERROR - An error has ocurred when trying to send the Email notification to user 15
2024-09-16 02:55:07 - src.notifications.service - ERROR - An error has ocurred when trying to send the Email notification to user 8
2024-09-16 02:55:07 - src.notifications.service - ERROR - An error has ocurred when trying to send the Email notification to user 15
2024-09-16 02:55:07 - src.notifications.service - ERROR - FAIL: Push notification: email = 'None' for user 10
2024-09-16 02:55:07 - src.notifications.service - ERROR - An error has ocurred when trying to send the Email notification to user 12
2024-09-16 02:55:07 - src.database - INFO - Database session closed.
2024-09-16 02:57:18 - src.main - INFO - Starting service...
2024-09-16 02:57:40 - src.main - INFO - Starting service...
2024-09-16 02:57:43 - src.notifications.router - INFO - Notification request for message 'message' received...
2024-09-16 02:57:43 - src.notifications.service - ERROR - FAIL: SMS notification: phone = 'None' for user 1
2024-09-16 02:57:49 - src.notifications.service - ERROR - An error has ocurred when trying to send the SMS notification to user 10
2024-09-16 02:57:49 - src.notifications.service - ERROR - FAIL: SMS notification: phone = 'None' for user 6
2024-09-16 02:57:49 - src.notifications.service - ERROR - An error has ocurred when trying to send the Email notification to user 13
2024-09-16 02:57:49 - src.notifications.service - ERROR - An error has ocurred when trying to send the Email notification to user 15
2024-09-16 02:57:49 - src.notifications.service - ERROR - An error has ocurred when trying to send the Email notification to user 8
2024-09-16 02:57:49 - src.notifications.service - ERROR - An error has ocurred when trying to send the Email notification to user 15
2024-09-16 02:57:49 - src.notifications.service - ERROR - FAIL: Push notification: email = 'None' for user 10
2024-09-16 02:57:49 - src.notifications.service - ERROR - An error has ocurred when trying to send the Email notification to user 12
2024-09-16 02:57:49 - src.database - INFO - Database session closed.
2024-09-16 02:58:15 - src.main - INFO - Starting service...
2024-09-16 02:58:17 - src.notifications.router - INFO - Notification request for message 'message' received...
2024-09-16 02:58:17 - src.notifications.service - ERROR - FAIL: SMS notification: phone = 'None' for user 1
2024-09-16 02:58:23 - src.notifications.service - ERROR - An error has ocurred when trying to send the SMS notification to user 10
2024-09-16 02:58:23 - src.notifications.service - ERROR - FAIL: SMS notification: phone = 'None' for user 6
2024-09-16 02:58:29 - src.notifications.service - ERROR - An error has ocurred when trying to send the Email notification to user 13
2024-09-16 02:58:35 - src.notifications.service - ERROR - An error has ocurred when trying to send the Email notification to user 15
2024-09-16 02:58:41 - src.notifications.service - ERROR - An error has ocurred when trying to send the Email notification to user 8
2024-09-16 02:58:47 - src.notifications.service - ERROR - An error has ocurred when trying to send the Email notification to user 15
2024-09-16 02:58:47 - src.notifications.service - ERROR - FAIL: Push notification: email = 'None' for user 10
2024-09-16 02:58:53 - src.notifications.service - ERROR - An error has ocurred when trying to send the Email notification to user 12
2024-09-16 02:58:53 - src.database - INFO - Database session closed.
2024-09-16 03:00:05 - src.main - INFO - Starting service...
2024-09-16 03:00:11 - src.notifications.router - INFO - Notification request for message 'message' received...
2024-09-16 03:00:11 - src.notifications.service - ERROR - FAIL: SMS notification: phone = 'None' for user 1
2024-09-16 03:00:12 - src.notifications.service - INFO - SENT: Email notification: {'user_id': 10, 'user_name': 'Ivy', 'contact_attr': 'phone', 'contact_attr_value': '0123456789', 'notification_message': 'message'}
2024-09-16 03:00:12 - src.notifications.service - ERROR - FAIL: SMS notification: phone = 'None' for user 6
2024-09-16 03:00:12 - src.notifications.service - INFO - Email: Push notification: {'user_id': 13, 'user_name': 'Leo', 'contact_attr': 'email', 'contact_attr_value': 'leo@example.com', 'notification_message': 'message'}
2024-09-16 03:00:12 - src.notifications.service - INFO - Email: Push notification: {'user_id': 15, 'user_name': 'Nina', 'contact_attr': 'email', 'contact_attr_value': 'nina@example.com', 'notification_message': 'message'}
2024-09-16 03:00:12 - src.notifications.service - INFO - Email: Push notification: {'user_id': 8, 'user_name': 'Grace', 'contact_attr': 'email', 'contact_attr_value': 'grace@example.com', 'notification_message': 'message'}
2024-09-16 03:00:12 - src.notifications.service - INFO - SENT: Push notification: {'user_id': 15, 'user_name': 'Nina', 'contact_attr': 'email', 'contact_attr_value': 'nina@example.com', 'notification_message': 'message'}
2024-09-16 03:00:12 - src.notifications.service - ERROR - FAIL: Push notification: email = 'None' for user 10
2024-09-16 03:00:12 - src.notifications.service - INFO - SENT: Push notification: {'user_id': 12, 'user_name': 'Kara', 'contact_attr': 'email', 'contact_attr_value': 'kara@example.com', 'notification_message': 'message'}
2024-09-16 03:00:12 - src.database - INFO - Database session closed.
2024-09-16 03:24:04 - src.main - INFO - Starting service...
2024-09-16 03:24:06 - src.main - INFO - Starting service...
2024-09-16 03:24:09 - src.notifications.router - INFO - Notification request for message 'message' received...
2024-09-16 03:24:09 - src.notifications.service - ERROR - FAIL: SMS notification: phone = 'None' for user 1
2024-09-16 03:24:09 - src.notifications.service - INFO - SENT: Email notification: {'user_id': 10, 'user_name': 'Ivy', 'contact_attr': 'phone', 'contact_attr_value': '0123456789', 'notification_message': 'message'}
2024-09-16 03:24:09 - src.notifications.service - ERROR - FAIL: SMS notification: phone = 'None' for user 6
2024-09-16 03:24:09 - src.notifications.service - INFO - Email: Push notification: {'user_id': 13, 'user_name': 'Leo', 'contact_attr': 'email', 'contact_attr_value': 'leo@example.com', 'notification_message': 'message'}
2024-09-16 03:24:09 - src.notifications.service - INFO - Email: Push notification: {'user_id': 15, 'user_name': 'Nina', 'contact_attr': 'email', 'contact_attr_value': 'nina@example.com', 'notification_message': 'message'}
2024-09-16 03:24:09 - src.notifications.service - INFO - Email: Push notification: {'user_id': 8, 'user_name': 'Grace', 'contact_attr': 'email', 'contact_attr_value': 'grace@example.com', 'notification_message': 'message'}
2024-09-16 03:24:09 - src.notifications.service - INFO - SENT: Push notification: {'user_id': 15, 'user_name': 'Nina', 'contact_attr': 'email', 'contact_attr_value': 'nina@example.com', 'notification_message': 'message'}
2024-09-16 03:24:09 - src.notifications.service - ERROR - FAIL: Push notification: email = 'None' for user 10
2024-09-16 03:24:09 - src.notifications.service - INFO - SENT: Push notification: {'user_id': 12, 'user_name': 'Kara', 'contact_attr': 'email', 'contact_attr_value': 'kara@example.com', 'notification_message': 'message'}
2024-09-16 03:24:09 - src.database - INFO - Database session closed.
2024-09-16 03:26:07 - src.main - INFO - Starting service...
2024-09-16 03:26:12 - src.notifications.router - INFO - Notification request for message 'message' received...
2024-09-16 03:26:12 - src.notifications.service - ERROR - FAIL: SMS notification: phone = 'None' for user 1
2024-09-16 03:26:12 - src.notifications.service - INFO - SENT: Email notification: {'user_id': 10, 'user_name': 'Ivy', 'contact_attr': 'phone', 'contact_attr_value': '0123456789', 'notification_message': 'message'}
2024-09-16 03:26:12 - src.notifications.service - ERROR - FAIL: SMS notification: phone = 'None' for user 6
2024-09-16 03:26:12 - src.notifications.service - INFO - Email: Push notification: {'user_id': 13, 'user_name': 'Leo', 'contact_attr': 'email', 'contact_attr_value': 'leo@example.com', 'notification_message': 'message'}
2024-09-16 03:26:12 - src.notifications.service - INFO - Email: Push notification: {'user_id': 15, 'user_name': 'Nina', 'contact_attr': 'email', 'contact_attr_value': 'nina@example.com', 'notification_message': 'message'}
2024-09-16 03:26:12 - src.notifications.service - INFO - Email: Push notification: {'user_id': 8, 'user_name': 'Grace', 'contact_attr': 'email', 'contact_attr_value': 'grace@example.com', 'notification_message': 'message'}
2024-09-16 03:26:12 - src.notifications.service - INFO - SENT: Push notification: {'user_id': 15, 'user_name': 'Nina', 'contact_attr': 'email', 'contact_attr_value': 'nina@example.com', 'notification_message': 'message'}
2024-09-16 03:26:12 - src.notifications.service - ERROR - FAIL: Push notification: email = 'None' for user 10
2024-09-16 03:26:12 - src.notifications.service - INFO - SENT: Push notification: {'user_id': 12, 'user_name': 'Kara', 'contact_attr': 'email', 'contact_attr_value': 'kara@example.com', 'notification_message': 'message'}
2024-09-16 03:26:12 - src.database - INFO - Database session closed.
2024-09-16 03:28:07 - src.main - INFO - Starting service...
2024-09-16 03:28:36 - src.notifications.router - INFO - Notification request for message 'message' received...
2024-09-16 03:28:36 - src.notifications.service - ERROR - FAIL: SMS notification: phone = 'None' for user 1
2024-09-16 03:28:36 - src.notifications.service - INFO - SENT: Email notification: {'user_id': 10, 'user_name': 'Ivy', 'contact_attr': 'phone', 'contact_attr_value': '0123456789', 'notification_message': 'message'}
2024-09-16 03:28:36 - src.notifications.service - ERROR - FAIL: SMS notification: phone = 'None' for user 6
2024-09-16 03:28:36 - src.notifications.service - INFO - Email: Push notification: {'user_id': 13, 'user_name': 'Leo', 'contact_attr': 'email', 'contact_attr_value': 'leo@example.com', 'notification_message': 'message'}
2024-09-16 03:28:36 - src.notifications.service - INFO - Email: Push notification: {'user_id': 15, 'user_name': 'Nina', 'contact_attr': 'email', 'contact_attr_value': 'nina@example.com', 'notification_message': 'message'}
2024-09-16 03:28:36 - src.notifications.service - INFO - Email: Push notification: {'user_id': 8, 'user_name': 'Grace', 'contact_attr': 'email', 'contact_attr_value': 'grace@example.com', 'notification_message': 'message'}
2024-09-16 03:28:36 - src.notifications.service - INFO - SENT: Push notification: {'user_id': 15, 'user_name': 'Nina', 'contact_attr': 'email', 'contact_attr_value': 'nina@example.com', 'notification_message': 'message'}
2024-09-16 03:28:36 - src.notifications.service - ERROR - FAIL: Push notification: email = 'None' for user 10
2024-09-16 03:28:36 - src.notifications.service - INFO - SENT: Push notification: {'user_id': 12, 'user_name': 'Kara', 'contact_attr': 'email', 'contact_attr_value': 'kara@example.com', 'notification_message': 'message'}
2024-09-16 03:28:36 - src.database - INFO - Database session closed.
2024-09-16 03:30:23 - src.main - INFO - Starting service...
2024-09-16 03:30:26 - src.notifications.router - INFO - Notification request for message 'message' received...
2024-09-16 03:30:26 - src.notifications.service - ERROR - FAIL: SMS notification: phone = 'None' for user 1
2024-09-16 03:30:26 - src.notifications.service - INFO - SENT: Email notification: {'user_id': 10, 'user_name': 'Ivy', 'contact_attr': 'phone', 'contact_attr_value': '0123456789', 'notification_message': 'message'}
2024-09-16 03:30:26 - src.notifications.service - ERROR - FAIL: SMS notification: phone = 'None' for user 6
2024-09-16 03:30:26 - src.notifications.service - INFO - Email: Push notification: {'user_id': 13, 'user_name': 'Leo', 'contact_attr': 'email', 'contact_attr_value': 'leo@example.com', 'notification_message': 'message'}
2024-09-16 03:30:26 - src.notifications.service - INFO - Email: Push notification: {'user_id': 15, 'user_name': 'Nina', 'contact_attr': 'email', 'contact_attr_value': 'nina@example.com', 'notification_message': 'message'}
2024-09-16 03:30:26 - src.notifications.service - INFO - Email: Push notification: {'user_id': 8, 'user_name': 'Grace', 'contact_attr': 'email', 'contact_attr_value': 'grace@example.com', 'notification_message': 'message'}
2024-09-16 03:30:26 - src.notifications.service - INFO - SENT: Push notification: {'user_id': 15, 'user_name': 'Nina', 'contact_attr': 'email', 'contact_attr_value': 'nina@example.com', 'notification_message': 'message'}
2024-09-16 03:30:26 - src.notifications.service - ERROR - FAIL: Push notification: email = 'None' for user 10
2024-09-16 03:30:26 - src.notifications.service - INFO - SENT: Push notification: {'user_id': 12, 'user_name': 'Kara', 'contact_attr': 'email', 'contact_attr_value': 'kara@example.com', 'notification_message': 'message'}
2024-09-16 03:30:26 - src.database - INFO - Database session closed.
2024-09-16 03:49:36 - src.main - INFO - Starting service...
2024-09-16 03:49:39 - src.notifications.router - INFO - Notification request for message 'message' received...
2024-09-16 03:49:39 - src.notifications.service - ERROR - FAIL: SMS notification: phone = 'None' for user 1
2024-09-16 03:49:39 - src.notifications.service - INFO - SENT: Email notification: {'user_id': 10, 'user_name': 'Ivy', 'contact_attr': 'phone', 'contact_attr_value': '0123456789', 'notification_message': 'message'}
2024-09-16 03:49:39 - src.notifications.service - ERROR - FAIL: SMS notification: phone = 'None' for user 6
2024-09-16 03:49:39 - src.notifications.service - INFO - Email: Push notification: {'user_id': 13, 'user_name': 'Leo', 'contact_attr': 'email', 'contact_attr_value': 'leo@example.com', 'notification_message': 'message'}
2024-09-16 03:49:39 - src.notifications.service - INFO - Email: Push notification: {'user_id': 15, 'user_name': 'Nina', 'contact_attr': 'email', 'contact_attr_value': 'nina@example.com', 'notification_message': 'message'}
2024-09-16 03:49:39 - src.notifications.service - INFO - Email: Push notification: {'user_id': 8, 'user_name': 'Grace', 'contact_attr': 'email', 'contact_attr_value': 'grace@example.com', 'notification_message': 'message'}
2024-09-16 03:49:39 - src.notifications.service - INFO - SENT: Push notification: {'user_id': 15, 'user_name': 'Nina', 'contact_attr': 'email', 'contact_attr_value': 'nina@example.com', 'notification_message': 'message'}
2024-09-16 03:49:39 - src.notifications.service - ERROR - FAIL: Push notification: email = 'None' for user 10
2024-09-16 03:49:39 - src.notifications.service - INFO - SENT: Push notification: {'user_id': 12, 'user_name': 'Kara', 'contact_attr': 'email', 'contact_attr_value': 'kara@example.com', 'notification_message': 'message'}
2024-09-16 03:49:39 - src.database - INFO - Database session closed.
2024-09-16 03:49:59 - src.main - INFO - Starting service...
2024-09-16 03:50:04 - src.main - INFO - Starting service...
2024-09-16 03:50:05 - src.notifications.router - INFO - Notification request for message 'message' received...
2024-09-16 03:50:05 - src.notifications.service - ERROR - FAIL: SMS notification: phone = 'None' for user 1
2024-09-16 03:50:05 - src.notifications.service - INFO - SENT: Email notification: {'user_id': 10, 'user_name': 'Ivy', 'contact_attr': 'phone', 'contact_attr_value': '0123456789', 'notification_message': 'message'}
2024-09-16 03:50:05 - src.notifications.service - ERROR - FAIL: SMS notification: phone = 'None' for user 6
2024-09-16 03:50:05 - src.notifications.service - INFO - Email: Push notification: {'user_id': 13, 'user_name': 'Leo', 'contact_attr': 'email', 'contact_attr_value': 'leo@example.com', 'notification_message': 'message'}
2024-09-16 03:50:05 - src.notifications.service - INFO - Email: Push notification: {'user_id': 15, 'user_name': 'Nina', 'contact_attr': 'email', 'contact_attr_value': 'nina@example.com', 'notification_message': 'message'}
2024-09-16 03:50:05 - src.notifications.service - INFO - Email: Push notification: {'user_id': 8, 'user_name': 'Grace', 'contact_attr': 'email', 'contact_attr_value': 'grace@example.com', 'notification_message': 'message'}
2024-09-16 03:50:05 - src.notifications.service - INFO - SENT: Push notification: {'user_id': 15, 'user_name': 'Nina', 'contact_attr': 'email', 'contact_attr_value': 'nina@example.com', 'notification_message': 'message'}
2024-09-16 03:50:05 - src.notifications.service - ERROR - FAIL: Push notification: email = 'None' for user 10
2024-09-16 03:50:05 - src.notifications.service - INFO - SENT: Push notification: {'user_id': 12, 'user_name': 'Kara', 'contact_attr': 'email', 'contact_attr_value': 'kara@example.com', 'notification_message': 'message'}
2024-09-16 03:50:05 - src.database - INFO - Database session closed.
2024-09-16 03:58:41 - src.main - INFO - Starting service...
2024-09-16 03:58:45 - src.notifications.router - INFO - Notification request for message 'message' received...
2024-09-16 03:58:45 - src.notifications.service - ERROR - FAIL: SMS notification: phone = 'None' for user 1
2024-09-16 03:58:46 - src.notifications.service - INFO - SENT: Email notification: {'user_id': 10, 'user_name': 'Ivy', 'contact_attr': 'phone', 'contact_attr_value': '0123456789', 'notification_message': 'message'}
2024-09-16 03:58:46 - src.notifications.service - ERROR - FAIL: SMS notification: phone = 'None' for user 6
2024-09-16 03:58:46 - src.notifications.service - INFO - Email: Push notification: {'user_id': 13, 'user_name': 'Leo', 'contact_attr': 'email', 'contact_attr_value': 'leo@example.com', 'notification_message': 'message'}
2024-09-16 03:58:46 - src.notifications.service - INFO - Email: Push notification: {'user_id': 15, 'user_name': 'Nina', 'contact_attr': 'email', 'contact_attr_value': 'nina@example.com', 'notification_message': 'message'}
2024-09-16 03:58:46 - src.notifications.service - INFO - Email: Push notification: {'user_id': 8, 'user_name': 'Grace', 'contact_attr': 'email', 'contact_attr_value': 'grace@example.com', 'notification_message': 'message'}
2024-09-16 03:58:46 - src.notifications.service - INFO - SENT: Push notification: {'user_id': 15, 'user_name': 'Nina', 'contact_attr': 'email', 'contact_attr_value': 'nina@example.com', 'notification_message': 'message'}
2024-09-16 03:58:46 - src.notifications.service - ERROR - FAIL: Push notification: email = 'None' for user 10
2024-09-16 03:58:46 - src.notifications.service - INFO - SENT: Push notification: {'user_id': 12, 'user_name': 'Kara', 'contact_attr': 'email', 'contact_attr_value': 'kara@example.com', 'notification_message': 'message'}
2024-09-16 03:58:46 - src.database - INFO - Database session closed.
2024-09-16 03:58:55 - src.main - INFO - Starting service...
2024-09-16 03:58:58 - src.notifications.router - INFO - Notification request for message 'message' received...
2024-09-16 03:58:58 - src.notifications.service - ERROR - FAIL: SMS notification: phone = 'None' for user 1
2024-09-16 03:58:58 - src.notifications.service - INFO - SENT: Email notification: {'user_id': 10, 'user_name': 'Ivy', 'contact_attr': 'phone', 'contact_attr_value': '0123456789', 'notification_message': 'message'}
2024-09-16 03:58:58 - src.notifications.service - ERROR - FAIL: SMS notification: phone = 'None' for user 6
2024-09-16 03:58:58 - src.notifications.service - INFO - Email: Push notification: {'user_id': 13, 'user_name': 'Leo', 'contact_attr': 'email', 'contact_attr_value': 'leo@example.com', 'notification_message': 'message'}
2024-09-16 03:58:58 - src.notifications.service - INFO - Email: Push notification: {'user_id': 15, 'user_name': 'Nina', 'contact_attr': 'email', 'contact_attr_value': 'nina@example.com', 'notification_message': 'message'}
2024-09-16 03:58:58 - src.notifications.service - INFO - Email: Push notification: {'user_id': 8, 'user_name': 'Grace', 'contact_attr': 'email', 'contact_attr_value': 'grace@example.com', 'notification_message': 'message'}
2024-09-16 03:58:58 - src.notifications.service - INFO - SENT: Push notification: {'user_id': 15, 'user_name': 'Nina', 'contact_attr': 'email', 'contact_attr_value': 'nina@example.com', 'notification_message': 'message'}
2024-09-16 03:58:58 - src.notifications.service - ERROR - FAIL: Push notification: email = 'None' for user 10
2024-09-16 03:58:58 - src.notifications.service - INFO - SENT: Push notification: {'user_id': 12, 'user_name': 'Kara', 'contact_attr': 'email', 'contact_attr_value': 'kara@example.com', 'notification_message': 'message'}
2024-09-16 03:58:58 - src.database - INFO - Database session closed.
2024-09-16 03:59:30 - src.main - INFO - Starting service...
2024-09-16 03:59:54 - src.notifications.router - INFO - Notification request for message 'message' received...
2024-09-16 03:59:54 - src.notifications.service - ERROR - FAIL: SMS notification: phone = 'None' for user 1
2024-09-16 03:59:54 - src.notifications.service - INFO - SENT: Email notification: {'user_id': 10, 'user_name': 'Ivy', 'contact_attr': 'phone', 'contact_attr_value': '0123456789', 'notification_message': 'message'}
2024-09-16 03:59:54 - src.notifications.service - ERROR - FAIL: SMS notification: phone = 'None' for user 6
2024-09-16 03:59:54 - src.notifications.service - INFO - Email: Push notification: {'user_id': 13, 'user_name': 'Leo', 'contact_attr': 'email', 'contact_attr_value': 'leo@example.com', 'notification_message': 'message'}
2024-09-16 03:59:54 - src.notifications.service - INFO - Email: Push notification: {'user_id': 15, 'user_name': 'Nina', 'contact_attr': 'email', 'contact_attr_value': 'nina@example.com', 'notification_message': 'message'}
2024-09-16 03:59:54 - src.notifications.service - INFO - Email: Push notification: {'user_id': 8, 'user_name': 'Grace', 'contact_attr': 'email', 'contact_attr_value': 'grace@example.com', 'notification_message': 'message'}
2024-09-16 03:59:54 - src.notifications.service - INFO - SENT: Push notification: {'user_id': 15, 'user_name': 'Nina', 'contact_attr': 'email', 'contact_attr_value': 'nina@example.com', 'notification_message': 'message'}
2024-09-16 03:59:54 - src.notifications.service - ERROR - FAIL: Push notification: email = 'None' for user 10
2024-09-16 03:59:54 - src.notifications.service - INFO - SENT: Push notification: {'user_id': 12, 'user_name': 'Kara', 'contact_attr': 'email', 'contact_attr_value': 'kara@example.com', 'notification_message': 'message'}
2024-09-16 03:59:54 - src.database - INFO - Database session closed.
2024-09-16 04:00:45 - src.main - INFO - Starting service...
2024-09-16 04:00:48 - src.notifications.router - INFO - Notification request for message 'message' received...
2024-09-16 04:00:48 - src.notifications.service - ERROR - FAIL: SMS notification: phone = 'None' for user 1
2024-09-16 04:00:48 - src.notifications.service - INFO - SENT: Email notification: {'user_id': 10, 'user_name': 'Ivy', 'contact_attr': 'phone', 'contact_attr_value': '0123456789', 'notification_message': 'message'}
2024-09-16 04:00:48 - src.notifications.service - ERROR - FAIL: SMS notification: phone = 'None' for user 6
2024-09-16 04:00:48 - src.notifications.service - INFO - Email: Push notification: {'user_id': 13, 'user_name': 'Leo', 'contact_attr': 'email', 'contact_attr_value': 'leo@example.com', 'notification_message': 'message'}
2024-09-16 04:00:48 - src.notifications.service - INFO - Email: Push notification: {'user_id': 15, 'user_name': 'Nina', 'contact_attr': 'email', 'contact_attr_value': 'nina@example.com', 'notification_message': 'message'}
2024-09-16 04:00:48 - src.notifications.service - INFO - Email: Push notification: {'user_id': 8, 'user_name': 'Grace', 'contact_attr': 'email', 'contact_attr_value': 'grace@example.com', 'notification_message': 'message'}
2024-09-16 04:00:48 - src.notifications.service - INFO - SENT: Push notification: {'user_id': 15, 'user_name': 'Nina', 'contact_attr': 'email', 'contact_attr_value': 'nina@example.com', 'notification_message': 'message'}
2024-09-16 04:00:48 - src.notifications.service - ERROR - FAIL: Push notification: email = 'None' for user 10
2024-09-16 04:00:48 - src.notifications.service - INFO - SENT: Push notification: {'user_id': 12, 'user_name': 'Kara', 'contact_attr': 'email', 'contact_attr_value': 'kara@example.com', 'notification_message': 'message'}
2024-09-16 04:00:48 - src.database - INFO - Database session closed.
2024-09-16 04:02:02 - src.main - INFO - Starting service...
